
  .   ____          _            __ _ _
 /\\ / ___'_ __ _ _(_)_ __  __ _ \ \ \ \
( ( )\___ | '_ | '_| | '_ \/ _` | \ \ \ \
 \\/  ___)| |_)| | | | | || (_| |  ) ) ) )
  '  |____| .__|_| |_|_| |_\__, | / / / /
 =========|_|==============|___/=/_/_/_/
 :: Spring Boot ::                (v3.2.5)

2026-03-24T00:54:20.506+08:00  INFO 94043 --- [pharmacy-system] [           main] com.pharmacy.PharmacyApplication         : Starting PharmacyApplication using Java 17.0.12 with PID 94043 (/Users/itzhan/Desktop/毕业设计/袁文卓/backend/target/classes started by itzhan in /Users/itzhan/Desktop/毕业设计/袁文卓/backend)
2026-03-24T00:54:20.507+08:00  INFO 94043 --- [pharmacy-system] [           main] com.pharmacy.PharmacyApplication         : No active profile set, falling back to 1 default profile: "default"
2026-03-24T00:54:21.070+08:00  INFO 94043 --- [pharmacy-system] [           main] o.s.b.w.embedded.tomcat.TomcatWebServer  : Tomcat initialized with port 8080 (http)
2026-03-24T00:54:21.078+08:00  INFO 94043 --- [pharmacy-system] [           main] o.apache.catalina.core.StandardService   : Starting service [Tomcat]
2026-03-24T00:54:21.078+08:00  INFO 94043 --- [pharmacy-system] [           main] o.apache.catalina.core.StandardEngine    : Starting Servlet engine: [Apache Tomcat/10.1.20]
2026-03-24T00:54:21.116+08:00  INFO 94043 --- [pharmacy-system] [           main] o.a.c.c.C.[Tomcat].[localhost].[/]       : Initializing Spring embedded WebApplicationContext
2026-03-24T00:54:21.116+08:00  INFO 94043 --- [pharmacy-system] [           main] w.s.c.ServletWebServerApplicationContext : Root WebApplicationContext: initialization completed in 586 ms
Logging initialized using 'class org.apache.ibatis.logging.stdout.StdOutImpl' adapter.
Use localhost address 
Get MacBook-Pro-2.local/127.0.0.1 network interface 
Get network interface info: name:lo0 (lo0)
Initialization Sequence datacenterId:0 workerId:4
 _ _   |_  _ _|_. ___ _ |    _ 
| | |\/|_)(_| | |_\  |_)||_|_\ 
     /               |         
                        3.5.6 
2026-03-24T00:54:21.642+08:00  INFO 94043 --- [pharmacy-system] [           main] o.s.s.web.DefaultSecurityFilterChain     : Will secure any request with [org.springframework.security.web.session.DisableEncodeUrlFilter@119290b9, org.springframework.security.web.context.request.async.WebAsyncManagerIntegrationFilter@640d604, org.springframework.security.web.context.SecurityContextHolderFilter@611d0763, org.springframework.security.web.header.HeaderWriterFilter@1118d539, org.springframework.web.filter.CorsFilter@62cbc478, org.springframework.security.web.authentication.logout.LogoutFilter@65da01f4, com.pharmacy.filter.JwtAuthenticationFilter@78a0ff63, org.springframework.security.web.savedrequest.RequestCacheAwareFilter@1e226bcd, org.springframework.security.web.servletapi.SecurityContextHolderAwareRequestFilter@2a8dd942, org.springframework.security.web.authentication.AnonymousAuthenticationFilter@5438fa43, org.springframework.security.web.session.SessionManagementFilter@67acfde9, org.springframework.security.web.access.ExceptionTranslationFilter@492be039, org.springframework.security.web.access.intercept.AuthorizationFilter@7ccd611e]
2026-03-24T00:54:21.749+08:00  INFO 94043 --- [pharmacy-system] [           main] o.s.b.w.embedded.tomcat.TomcatWebServer  : Tomcat started on port 8080 (http) with context path ''
2026-03-24T00:54:21.754+08:00  INFO 94043 --- [pharmacy-system] [           main] com.pharmacy.PharmacyApplication         : Started PharmacyApplication in 1.416 seconds (process running for 1.561)
2026-03-24T00:54:22.447+08:00  INFO 94043 --- [pharmacy-system] [nio-8080-exec-1] o.a.c.c.C.[Tomcat].[localhost].[/]       : Initializing Spring DispatcherServlet 'dispatcherServlet'
2026-03-24T00:54:22.447+08:00  INFO 94043 --- [pharmacy-system] [nio-8080-exec-1] o.s.web.servlet.DispatcherServlet        : Initializing Servlet 'dispatcherServlet'
2026-03-24T00:54:22.448+08:00  INFO 94043 --- [pharmacy-system] [nio-8080-exec-1] o.s.web.servlet.DispatcherServlet        : Completed initialization in 1 ms
Creating a new SqlSession
SqlSession [org.apache.ibatis.session.defaults.DefaultSqlSession@333c7d62] was not registered for synchronization because synchronization is not active
2026-03-24T00:54:22.519+08:00  INFO 94043 --- [pharmacy-system] [nio-8080-exec-1] com.zaxxer.hikari.HikariDataSource       : HikariPool-1 - Starting...
2026-03-24T00:54:22.592+08:00  INFO 94043 --- [pharmacy-system] [nio-8080-exec-1] com.zaxxer.hikari.pool.HikariPool        : HikariPool-1 - Added connection com.mysql.cj.jdbc.ConnectionImpl@4d24119a
2026-03-24T00:54:22.593+08:00  INFO 94043 --- [pharmacy-system] [nio-8080-exec-1] com.zaxxer.hikari.HikariDataSource       : HikariPool-1 - Start completed.
JDBC Connection [HikariProxyConnection@410240817 wrapping com.mysql.cj.jdbc.ConnectionImpl@4d24119a] will not be managed by Spring
==>  Preparing: SELECT id,username,password,real_name,phone,email,avatar,role,status,deleted,create_time,update_time FROM sys_user WHERE id=? AND deleted=0
==> Parameters: 1(Long)
<==    Columns: id, username, password, real_name, phone, email, avatar, role, status, deleted, create_time, update_time
<==        Row: 1, admin, $2a$10$QJodRYwg4C8fa8N5/53fCOA2saPvlmKKaCnazTJvn1pomf4P7t5mG, 系统管理员, 13800000001, admin@pharmacy.com, null, 0, 1, 0, 2025-01-01 08:00:00, 2026-03-21 21:03:52
<==      Total: 1
Closing non transactional SqlSession [org.apache.ibatis.session.defaults.DefaultSqlSession@333c7d62]
Creating a new SqlSession
SqlSession [org.apache.ibatis.session.defaults.DefaultSqlSession@6268cef0] was not registered for synchronization because synchronization is not active
JDBC Connection [HikariProxyConnection@1400485552 wrapping com.mysql.cj.jdbc.ConnectionImpl@4d24119a] will not be managed by Spring
==>  Preparing: SELECT COUNT( * ) AS total FROM drug WHERE deleted=0
==> Parameters: 
<==    Columns: total
<==        Row: 33
<==      Total: 1
Closing non transactional SqlSession [org.apache.ibatis.session.defaults.DefaultSqlSession@6268cef0]
Creating a new SqlSession
SqlSession [org.apache.ibatis.session.defaults.DefaultSqlSession@739e7cea] was not registered for synchronization because synchronization is not active
JDBC Connection [HikariProxyConnection@87187404 wrapping com.mysql.cj.jdbc.ConnectionImpl@4d24119a] will not be managed by Spring
==>  Preparing: SELECT COUNT( * ) AS total FROM supplier WHERE deleted=0
==> Parameters: 
<==    Columns: total
<==        Row: 8
<==      Total: 1
Closing non transactional SqlSession [org.apache.ibatis.session.defaults.DefaultSqlSession@739e7cea]
Creating a new SqlSession
SqlSession [org.apache.ibatis.session.defaults.DefaultSqlSession@34e9a111] was not registered for synchronization because synchronization is not active
JDBC Connection [HikariProxyConnection@63995858 wrapping com.mysql.cj.jdbc.ConnectionImpl@4d24119a] will not be managed by Spring
==>  Preparing: SELECT COUNT( * ) AS total FROM inventory WHERE (quantity <= warning_threshold)
==> Parameters: 
<==    Columns: total
<==        Row: 3
<==      Total: 1
Closing non transactional SqlSession [org.apache.ibatis.session.defaults.DefaultSqlSession@34e9a111]
Creating a new SqlSession
SqlSession [org.apache.ibatis.session.defaults.DefaultSqlSession@c86c0b2] was not registered for synchronization because synchronization is not active
JDBC Connection [HikariProxyConnection@1977264647 wrapping com.mysql.cj.jdbc.ConnectionImpl@4d24119a] will not be managed by Spring
==>  Preparing: SELECT COUNT( * ) AS total FROM expiry_alert WHERE (status = ?)
==> Parameters: 0(Integer)
<==    Columns: total
<==        Row: 9
<==      Total: 1
Closing non transactional SqlSession [org.apache.ibatis.session.defaults.DefaultSqlSession@c86c0b2]
Creating a new SqlSession
SqlSession [org.apache.ibatis.session.defaults.DefaultSqlSession@5bbbf482] was not registered for synchronization because synchronization is not active
JDBC Connection [HikariProxyConnection@16749348 wrapping com.mysql.cj.jdbc.ConnectionImpl@4d24119a] will not be managed by Spring
==>  Preparing: SELECT id,order_no,drug_id,batch_number,quantity,unit_price,amount,customer_name,operator_id,deleted,create_time FROM sale_record WHERE deleted=0
==> Parameters: 
<==    Columns: id, order_no, drug_id, batch_number, quantity, unit_price, amount, customer_name, operator_id, deleted, create_time
<==        Row: 1, SO202502001, 1, 20250101, 5, 15.80, 79.00, 王先生, 2, 0, 2025-02-10 14:00:00
<==        Row: 2, SO202502002, 1, 20250101, 10, 15.80, 158.00, 刘女士, 2, 0, 2025-02-15 15:30:00
<==        Row: 3, SO202503001, 2, 20250201, 3, 22.50, 67.50, 陈老先生, 3, 0, 2025-03-05 10:00:00
<==        Row: 4, SO202503002, 4, 20250115, 10, 28.50, 285.00, 张阿姨, 2, 0, 2025-03-10 10:30:00
<==        Row: 5, SO202503003, 4, 20250115, 5, 28.50, 142.50, 赵先生, 3, 0, 2025-03-18 16:00:00
<==        Row: 6, SO202504001, 7, 20241201, 3, 45.00, 135.00, 马女士, 2, 0, 2025-04-15 15:30:00
<==        Row: 7, SO202505001, 17, 20241001, 2, 28.00, 56.00, 孙先生, 2, 0, 2025-05-10 16:00:00
<==        Row: 8, SO202506001, 11, 20250601, 5, 19.80, 99.00, 周女士, 3, 0, 2025-07-20 14:00:00
<==        Row: 9, SO202506002, 13, 20250701, 10, 11.00, 110.00, 吴先生, 2, 0, 2025-08-10 10:00:00
<==        Row: 10, SO202507001, 13, 20250701, 20, 11.00, 220.00, 社区卫生站, 3, 0, 2025-08-25 09:30:00
<==        Row: 11, SO202508001, 6, 20250301, 8, 18.50, 148.00, 冯先生, 2, 0, 2025-09-01 14:30:00
<==        Row: 12, SO202509001, 9, 20250501, 5, 25.00, 125.00, 杨女士, 3, 0, 2025-09-05 11:00:00
<==        Row: 13, SO202510001, 29, 20250601, 2, 55.00, 110.00, 韩先生, 2, 0, 2025-10-20 15:00:00
<==        Row: 14, SO202511001, 20, 20250801, 3, 35.00, 105.00, 黄女士, 3, 0, 2025-11-05 10:00:00
<==        Row: 15, SO202511002, 15, 20250901, 6, 24.80, 148.80, 社区诊所, 2, 0, 2025-11-20 14:00:00
<==        Row: 16, SO202512001, 3, 20241101, 5, 32.00, 160.00, 唐先生, 2, 0, 2025-12-20 14:00:00
<==        Row: 17, SO202601001, 7, 20240801, 3, 45.00, 135.00, 曹女士, 3, 0, 2026-01-15 10:30:00
<==        Row: 18, SO202601002, 30, 20260101, 10, 15.00, 150.00, 林先生, 2, 0, 2026-01-25 16:00:00
<==        Row: 19, SO202602001, 12, 20240301, 8, 12.50, 100.00, 何女士, 3, 0, 2026-02-15 10:00:00
<==        Row: 20, SO202603001, 16, 20250501, 4, 16.00, 64.00, 许先生, 2, 0, 2026-03-05 14:30:00
<==        Row: 21, SO202603002, 31, 20260101, 20, 20.00, 400.00, 社区卫生站, 3, 0, 2026-03-10 09:00:00
<==        Row: 22, SO202603003, 22, 20251001, 2, 72.00, 144.00, 沈阿姨, 2, 0, 2026-03-12 15:00:00
<==        Row: 23, SO202603004, 1, 20250601, 8, 15.80, 126.40, 方先生, 2, 0, 2026-03-01 09:15:00
<==        Row: 24, SO202603005, 11, 20250601, 3, 19.80, 59.40, 邓女士, 3, 0, 2026-03-02 10:30:00
<==        Row: 25, SO202603006, 4, 20250115, 6, 28.50, 171.00, 社区卫生站, 2, 0, 2026-03-03 14:00:00
<==        Row: 26, SO202603007, 13, 20250701, 15, 11.00, 165.00, 街道诊所, 3, 0, 2026-03-04 09:00:00
<==        Row: 27, SO202603008, 15, 20250901, 4, 24.80, 99.20, 贺先生, 2, 0, 2026-03-06 11:30:00
<==        Row: 28, SO202603009, 9, 20250501, 3, 25.00, 75.00, 丁女士, 3, 0, 2026-03-07 15:00:00
<==        Row: 29, SO202603010, 6, 20250301, 10, 18.50, 185.00, 钟先生, 2, 0, 2026-03-08 09:45:00
<==        Row: 30, SO202603011, 20, 20250801, 2, 35.00, 70.00, 吕女士, 3, 0, 2026-03-09 14:20:00
<==        Row: 31, SO202603012, 5, 20250201, 4, 38.00, 152.00, 白先生, 2, 0, 2026-03-11 10:00:00
<==        Row: 32, SO202603013, 14, 20250801, 20, 8.50, 170.00, 三元里社区, 3, 0, 2026-03-12 09:30:00
<==        Row: 33, SO202603014, 8, 20250401, 6, 29.00, 174.00, 潘先生, 2, 0, 2026-03-13 16:15:00
<==        Row: 34, SO202603015, 17, 20241001, 1, 28.00, 28.00, 毛女士, 3, 0, 2026-03-14 10:45:00
<==        Row: 35, SO202603016, 23, 20251101, 5, 29.80, 149.00, 龚先生, 2, 0, 2026-03-15 11:00:00
<==        Row: 36, SO202603017, 10, 20250301, 8, 33.00, 264.00, 社区医院, 3, 0, 2026-03-16 09:20:00
<==        Row: 37, SO202603018, 18, 20250601, 3, 36.00, 108.00, 邹先生, 2, 0, 2026-03-17 14:30:00
<==        Row: 38, SO202603019, 21, 20250901, 2, 68.00, 136.00, 梁女士, 3, 0, 2026-03-18 10:00:00
<==        Row: 39, SO202603020, 26, 20250801, 3, 88.00, 264.00, 段先生, 2, 0, 2026-03-19 15:30:00
<==      Total: 39
Closing non transactional SqlSession [org.apache.ibatis.session.defaults.DefaultSqlSession@5bbbf482]
Creating a new SqlSession
SqlSession [org.apache.ibatis.session.defaults.DefaultSqlSession@7a943089] was not registered for synchronization because synchronization is not active
JDBC Connection [HikariProxyConnection@1623471114 wrapping com.mysql.cj.jdbc.ConnectionImpl@4d24119a] will not be managed by Spring
==>  Preparing: SELECT id,order_no,supplier_id,total_amount,status,remark,creator_id,approver_id,deleted,create_time,update_time FROM purchase_order WHERE deleted=0 AND (status = ?)
==> Parameters: 2(Integer)
<==    Columns: id, order_no, supplier_id, total_amount, status, remark, creator_id, approver_id, deleted, create_time, update_time
<==        Row: 1, PO202501001, 1, 3700.00, 2, 首批药品采购, 4, 1, 0, 2025-01-10 09:00:00, 2025-01-14 16:00:00
<==        Row: 2, PO202502001, 2, 5160.00, 2, 心血管类药品补充采购, 4, 1, 0, 2025-02-01 09:00:00, 2025-02-05 16:00:00
<==        Row: 3, PO202503001, 3, 4280.00, 2, 消化系统药品采购, 5, 1, 0, 2025-03-01 09:00:00, 2025-03-05 16:00:00
<==        Row: 4, PO202505001, 4, 2750.00, 2, 感冒类药品采购, 4, 1, 0, 2025-05-01 09:00:00, 2025-05-05 16:00:00
<==        Row: 5, PO202506001, 5, 6300.00, 2, OTC药品大批量采购, 5, 1, 0, 2025-06-10 09:00:00, 2025-06-15 16:00:00
<==        Row: 7, PO202510001, 6, 3200.00, 2, 注射液常规采购, 5, 1, 0, 2025-10-01 09:00:00, 2025-10-05 16:00:00
<==        Row: 9, PO202601001, 8, 5500.00, 2, 2026年Q1常规备货, 5, 1, 0, 2026-01-05 09:00:00, 2026-01-05 09:00:00
<==        Row: 11, PO202603002, 1, 4580.00, 2, 春季常用药品补货, 4, 1, 0, 2026-03-02 09:00:00, 2026-03-05 16:00:00
<==        Row: 12, PO202603003, 3, 3200.00, 2, 感冒类药品季节性备货, 5, 1, 0, 2026-03-10 09:00:00, 2026-03-12 16:00:00
<==        Row: 13, PO202603004, 5, 6800.00, 2, 二季度维生素类大批量采购, 4, 1, 0, 2026-03-15 09:00:00, 2026-03-15 09:00:00
<==      Total: 10
Closing non transactional SqlSession [org.apache.ibatis.session.defaults.DefaultSqlSession@7a943089]
Creating a new SqlSession
SqlSession [org.apache.ibatis.session.defaults.DefaultSqlSession@4eb836e3] was not registered for synchronization because synchronization is not active
JDBC Connection [HikariProxyConnection@1051308428 wrapping com.mysql.cj.jdbc.ConnectionImpl@4d24119a] will not be managed by Spring
==>  Preparing: SELECT id,drug_code,generic_name,trade_name,dosage_form,specification,manufacturer,approval_number,barcode,category_id,unit,purchase_price,retail_price,description,image,status,deleted,create_time,update_time FROM drug WHERE deleted=0
==> Parameters: 
<==    Columns: id, drug_code, generic_name, trade_name, dosage_form, specification, manufacturer, approval_number, barcode, category_id, unit, purchase_price, retail_price, description, image, status, deleted, create_time, update_time
<==        Row: 1, YP20250001, 阿莫西林胶囊, 阿莫仙, 胶囊剂, 0.5g*24粒, 珠海联邦制药股份有限公司, 国药准字H44024097, 6922150265013, 5, 盒, 8.50, 15.80, <<BLOB>>, https://images.unsplash.com/photo-1584308666744-24d5c474f2ae?w=400, 1, 0, 2025-01-10 10:00:00, 2026-03-21 21:03:52
<==        Row: 2, YP20250002, 头孢拉定胶囊, 先锋Ⅵ, 胶囊剂, 0.25g*24粒, 哈药集团制药总厂, 国药准字H23020250, 6922150265020, 5, 盒, 12.00, 22.50, <<BLOB>>, https://images.unsplash.com/photo-1550572017-edd951aa8f72?w=400, 1, 0, 2025-01-10 10:00:00, 2026-03-21 21:03:52
<==        Row: 3, YP20250003, 阿奇霉素片, 希舒美, 片剂, 0.25g*6片, 辉瑞制药有限公司, 国药准字H10960112, 6922150265037, 5, 盒, 18.00, 32.00, <<BLOB>>, https://images.unsplash.com/photo-1585435557343-3b092031a831?w=400, 1, 0, 2025-01-12 10:00:00, 2026-03-21 21:03:52
<==        Row: 4, YP20250004, 阿司匹林肠溶片, 拜阿司匹灵, 片剂, 100mg*30片, 拜耳医药保健有限公司, 国药准字J20171021, 6922150265044, 6, 盒, 15.00, 28.50, <<BLOB>>, https://images.unsplash.com/photo-1576602976047-174e57a47881?w=400, 1, 0, 2025-01-15 10:00:00, 2026-03-21 21:03:52
<==        Row: 5, YP20250005, 辛伐他汀片, 舒降之, 片剂, 20mg*14片, 杭州默沙东制药有限公司, 国药准字H19990366, 6922150265051, 6, 盒, 22.00, 38.00, <<BLOB>>, https://images.unsplash.com/photo-1631549916768-4119b2e5f926?w=400, 1, 0, 2025-01-15 10:00:00, 2026-03-21 21:03:52
<==        Row: 6, YP20250006, 硝苯地平缓释片, 伲福达, 片剂, 10mg*30片, 青岛黄海制药有限责任公司, 国药准字H10910052, 6922150265068, 6, 盒, 10.00, 18.50, <<BLOB>>, https://images.unsplash.com/photo-1607619056574-7b8d3ee536b2?w=400, 1, 0, 2025-02-01 10:00:00, 2026-03-21 21:03:52
<==        Row: 7, YP20250007, 奥美拉唑肠溶胶囊, 洛赛克, 胶囊剂, 20mg*14粒, 阿斯利康制药有限公司, 国药准字H20030945, 6922150265075, 7, 盒, 25.00, 45.00, <<BLOB>>, https://images.unsplash.com/photo-1587854692152-cbe660dbde88?w=400, 1, 0, 2025-02-01 10:00:00, 2026-03-21 21:03:52
<==        Row: 8, YP20250008, 蒙脱石散, 思密达, 散剂, 3g*10袋, 博福-益普生(天津)制药有限公司, 国药准字H20000690, 6922150265082, 7, 盒, 16.00, 29.00, <<BLOB>>, https://images.unsplash.com/photo-1587854692152-cbe660dbde88?w=400, 1, 0, 2025-02-05 10:00:00, 2026-03-21 21:03:52
<==        Row: 9, YP20250009, 多潘立酮片, 吗丁啉, 片剂, 10mg*30片, 西安杨森制药有限公司, 国药准字H10910003, 6922150265099, 7, 盒, 14.00, 25.00, <<BLOB>>, https://images.unsplash.com/photo-1512069772995-ec65ed45afd6?w=400, 1, 0, 2025-02-05 10:00:00, 2026-03-21 21:03:52
<==        Row: 10, YP20250010, 二甲双胍片, 格华止, 片剂, 0.5g*20片, 中美上海施贵宝制药有限公司, 国药准字H20023370, 6922150265105, 6, 盒, 18.50, 33.00, <<BLOB>>, https://images.unsplash.com/photo-1550572017-4fcdbb59cc32?w=400, 1, 0, 2025-02-10 10:00:00, 2026-03-21 21:03:52
<==        Row: 11, YP20250011, 布洛芬缓释胶囊, 芬必得, 胶囊剂, 0.3g*20粒, 中美天津史克制药有限公司, 国药准字H10900089, 6922150265112, 9, 盒, 10.00, 19.80, <<BLOB>>, https://images.unsplash.com/photo-1559757175-5700dde675bc?w=400, 1, 0, 2025-02-15 10:00:00, 2026-03-21 21:03:52
<==        Row: 12, YP20250012, 对乙酰氨基酚片, 泰诺林, 片剂, 0.5g*20片, 上海强生制药有限公司, 国药准字H31020800, 6922150265129, 9, 盒, 6.00, 12.50, <<BLOB>>, https://images.unsplash.com/photo-1583947215259-38e31be8751f?w=400, 1, 0, 2025-02-15 10:00:00, 2026-03-21 21:03:52
<==        Row: 13, YP20250013, 复方氨酚烷胺片, 感康, 片剂, 12片/板, 吉林省吴太感康药业有限公司, 国药准字H22026193, 6922150265136, 8, 盒, 5.50, 11.00, <<BLOB>>, https://images.unsplash.com/photo-1573883431205-98b5f10aaedb?w=400, 1, 0, 2025-03-01 10:00:00, 2026-03-21 21:03:52
<==        Row: 14, YP20250014, 维C银翘片, 维C银翘, 片剂, 24片/瓶, 江西铜鼓仁和制药有限公司, 国药准字Z36020070, 6922150265143, 8, 瓶, 4.00, 8.50, <<BLOB>>, https://images.unsplash.com/photo-1585435557343-3b092031a831?w=400, 1, 0, 2025-03-01 10:00:00, 2026-03-21 21:03:52
<==        Row: 15, YP20250015, 连花清瘟胶囊, 连花清瘟, 胶囊剂, 0.35g*48粒, 石家庄以岭药业股份有限公司, 国药准字Z20040063, 6922150265150, 11, 盒, 12.00, 24.80, <<BLOB>>, https://images.unsplash.com/photo-1471864190281-a93a3070b6de?w=400, 1, 0, 2025-03-05 10:00:00, 2026-03-21 21:03:52
<==        Row: 16, YP20250016, 板蓝根颗粒, 白云山, 颗粒剂, 10g*20袋, 广州白云山和记黄埔中药有限公司, 国药准字Z44020360, 6922150265167, 11, 盒, 8.00, 16.00, <<BLOB>>, https://images.unsplash.com/photo-1584308666744-24d5c474f2ae?w=400, 1, 0, 2025-03-05 10:00:00, 2026-03-21 21:03:52
<==        Row: 17, YP20250017, 六味地黄丸, 同仁堂, 丸剂, 360丸/瓶, 北京同仁堂科技发展股份有限公司, 国药准字Z11020085, 6922150265174, 12, 瓶, 15.00, 28.00, <<BLOB>>, https://images.unsplash.com/photo-1512069772995-ec65ed45afd6?w=400, 1, 0, 2025-03-10 10:00:00, 2026-03-21 21:03:52
<==        Row: 18, YP20250018, 复方丹参滴丸, 天士力, 滴丸剂, 27mg*180丸, 天津天士力制药集团股份有限公司, 国药准字Z10950111, 6922150265181, 12, 盒, 20.00, 36.00, <<BLOB>>, https://images.unsplash.com/photo-1607619056574-7b8d3ee536b2?w=400, 1, 0, 2025-03-10 10:00:00, 2026-03-21 21:03:52
<==        Row: 19, YP20250019, 复方甘草片, null, 片剂, 100片/瓶, 上海信谊药厂有限公司, 国药准字H31022748, 6922150265198, 8, 瓶, 3.50, 7.00, <<BLOB>>, https://images.unsplash.com/photo-1587854692152-cbe660dbde88?w=400, 1, 0, 2025-03-15 10:00:00, 2026-03-21 21:03:52
<==        Row: 20, YP20250020, 维生素C片, 力度伸, 片剂, 1g*10片, 拜耳医药保健有限公司, 国药准字H10920022, 6922150265204, 10, 盒, 20.00, 35.00, <<BLOB>>, https://images.unsplash.com/photo-1471864190281-a93a3070b6de?w=400, 1, 0, 2025-03-15 10:00:00, 2026-03-21 21:03:52
<==        Row: 21, YP20250021, 维生素B族片, 善存, 片剂, 60片/瓶, 惠氏制药有限公司, 国药准字H10950025, 6922150265211, 10, 瓶, 35.00, 68.00, <<BLOB>>, https://images.unsplash.com/photo-1576602976047-174e57a47881?w=400, 1, 0, 2025-04-01 10:00:00, 2026-03-21 21:03:52
<==        Row: 22, YP20250022, 钙尔奇D片, 钙尔奇, 片剂, 600mg*60片, 惠氏制药有限公司, 国药准字H10950029, 6922150265228, 10, 瓶, 40.00, 72.00, <<BLOB>>, https://images.unsplash.com/photo-1584017911766-d451b3d0e843?w=400, 1, 0, 2025-04-01 10:00:00, 2026-03-21 21:03:52
<==        Row: 23, YP20250023, 氯雷他定片, 开瑞坦, 片剂, 10mg*6片, 上海先灵葆雅制药有限公司, 国药准字H10970410, 6922150265235, 9, 盒, 16.00, 29.80, <<BLOB>>, https://images.unsplash.com/photo-1550572017-4fcdbb59cc32?w=400, 1, 0, 2025-04-10 10:00:00, 2026-03-21 21:03:52
<==        Row: 24, YP20250024, 氨溴索口服溶液, 沐舒坦, 口服液, 100ml/瓶, 勃林格殷格翰药业有限公司, 国药准字H20031314, 6922150265242, 8, 瓶, 18.00, 32.00, <<BLOB>>, https://images.unsplash.com/photo-1576602976047-174e57a47881?w=400, 1, 0, 2025-04-10 10:00:00, 2026-03-21 21:03:52
<==        Row: 25, YP20250025, 藿香正气水, 太极, 合剂, 10ml*10支, 太极集团重庆涪陵制药厂有限公司, 国药准字Z50020409, 6922150265259, 11, 盒, 6.00, 12.80, <<BLOB>>, https://images.unsplash.com/photo-1550572017-edd951aa8f72?w=400, 1, 0, 2025-05-01 10:00:00, 2026-03-21 21:03:52
<==        Row: 26, YP20250026, 阿卡波糖片, 拜唐苹, 片剂, 50mg*30片, 拜耳医药保健有限公司, 国药准字H19990205, 6922150265266, 6, 盒, 55.00, 88.00, <<BLOB>>, https://images.unsplash.com/photo-1585435557343-3b092031a831?w=400, 1, 0, 2025-05-01 10:00:00, 2026-03-21 21:03:52
<==        Row: 27, YP20250027, 氯化钠注射液, null, 注射剂, 250ml/瓶, 四川科伦药业股份有限公司, 国药准字H51020636, 6922150265273, 5, 瓶, 2.50, 5.00, <<BLOB>>, https://images.unsplash.com/photo-1631549916768-4119b2e5f926?w=400, 1, 0, 2025-05-15 10:00:00, 2026-03-21 21:03:52
<==        Row: 28, YP20250028, 葡萄糖注射液, null, 注射剂, 250ml/瓶, 四川科伦药业股份有限公司, 国药准字H51020634, 6922150265280, 5, 瓶, 2.00, 4.50, <<BLOB>>, https://images.unsplash.com/photo-1559757175-5700dde675bc?w=400, 1, 0, 2025-05-15 10:00:00, 2026-03-21 21:03:52
<==        Row: 29, YP20250029, 云南白药气雾剂, 云南白药, 气雾剂, 85g+60g/套, 云南白药集团股份有限公司, 国药准字Z53020799, 6922150265297, 12, 套, 30.00, 55.00, <<BLOB>>, https://images.unsplash.com/photo-1583947215259-38e31be8751f?w=400, 1, 0, 2025-06-01 10:00:00, 2026-03-21 21:03:52
<==        Row: 30, YP20250030, 创可贴, 邦迪, 贴剂, 100片/盒, 强生(上海)医疗器材有限公司, null, 6922150265303, 4, 盒, 8.00, 15.00, <<BLOB>>, https://images.unsplash.com/photo-1584017911766-d451b3d0e843?w=400, 1, 0, 2025-06-01 10:00:00, 2026-03-21 21:03:52
<==        Row: 31, YP20250031, 医用外科口罩, 稳健, null, 50只/盒, 稳健医疗用品股份有限公司, null, 6922150265310, 4, 盒, 10.00, 20.00, <<BLOB>>, https://images.unsplash.com/photo-1584634731339-252c581abfc5?w=400, 1, 0, 2025-06-10 10:00:00, 2026-03-21 21:03:52
<==        Row: 32, YP20250032, 电子体温计, 欧姆龙, null, 1支/盒, 欧姆龙(大连)有限公司, null, 6922150265327, 4, 盒, 25.00, 48.00, <<BLOB>>, https://images.unsplash.com/photo-1584483766114-2cea6facdf57?w=400, 1, 0, 2025-06-10 10:00:00, 2026-03-21 21:03:52
<==        Row: 33, DRG1774241045125, ceshi, , , 0.25g×24粒, ceshi, , , 8, 盒, null, 100.00, <<BLOB>>, null, 1, 0, 2026-03-23 12:44:05, 2026-03-23 12:44:05
<==      Total: 33
Closing non transactional SqlSession [org.apache.ibatis.session.defaults.DefaultSqlSession@4eb836e3]
Creating a new SqlSession
SqlSession [org.apache.ibatis.session.defaults.DefaultSqlSession@4df84cf1] was not registered for synchronization because synchronization is not active
JDBC Connection [HikariProxyConnection@1759040642 wrapping com.mysql.cj.jdbc.ConnectionImpl@4d24119a] will not be managed by Spring
==>  Preparing: SELECT id,name,parent_id,sort,deleted,create_time,update_time FROM drug_category WHERE id IN ( ? , ? , ? , ? , ? , ? , ? , ? , ? ) AND deleted=0
==> Parameters: 4(Long), 5(Long), 6(Long), 7(Long), 8(Long), 9(Long), 10(Long), 11(Long), 12(Long)
<==    Columns: id, name, parent_id, sort, deleted, create_time, update_time
<==        Row: 4, 医疗器械, 0, 4, 0, 2025-01-01 08:00:00, 2026-03-21 21:03:52
<==        Row: 5, 抗生素类, 1, 1, 0, 2025-01-01 08:00:00, 2026-03-21 21:03:52
<==        Row: 6, 心血管药, 1, 2, 0, 2025-01-01 08:00:00, 2026-03-21 21:03:52
<==        Row: 7, 消化系统药, 1, 3, 0, 2025-01-01 08:00:00, 2026-03-21 21:03:52
<==        Row: 8, 感冒药, 2, 1, 0, 2025-01-01 08:00:00, 2026-03-21 21:03:52
<==        Row: 9, 止痛药, 2, 2, 0, 2025-01-01 08:00:00, 2026-03-21 21:03:52
<==        Row: 10, 维生素类, 2, 3, 0, 2025-01-01 08:00:00, 2026-03-21 21:03:52
<==        Row: 11, 清热解毒类, 3, 1, 0, 2025-01-01 08:00:00, 2026-03-21 21:03:52
<==        Row: 12, 补益类, 3, 2, 0, 2025-01-01 08:00:00, 2026-03-21 21:03:52
<==      Total: 9
Closing non transactional SqlSession [org.apache.ibatis.session.defaults.DefaultSqlSession@4df84cf1]
[ERROR] Failed to execute goal org.springframework.boot:spring-boot-maven-plugin:3.2.5:run (default-cli) on project pharmacy-system: Process terminated with exit code: 137 -> [Help 1]
[ERROR] 
[ERROR] To see the full stack trace of the errors, re-run Maven with the -e switch.
[ERROR] Re-run Maven using the -X switch to enable full debug logging.
[ERROR] 
[ERROR] For more information about the errors and possible solutions, please read the following articles:
[ERROR] [Help 1] http://cwiki.apache.org/confluence/display/MAVEN/MojoExecutionException
